<?xml version="1.0" encoding="UTF-8"?>
<!-- Generated by org.testng.reporters.JUnitReportReporter -->
<testsuite hostname="Sohrabs-Air.lan" failures="0" tests="3" name="com.test.testcase.ActionClass" time="64.947" errors="0" timestamp="2024-01-28T08:53:07 GST" skipped="0">
  <testcase classname="com.test.testcase.ActionClass" name="testDragAndDrop" time="41.556"/>
  <testcase classname="com.test.testcase.ActionClass" name="takeScreenshot" time="17.832"/>
  <testcase classname="com.test.testcase.ActionClass" name="testSetUp" time="5.559"/>
</testsuite> <!-- com.test.testcase.ActionClass -->
