<?xml version="1.0" encoding="UTF-8"?>
<!-- Generated by org.testng.reporters.JUnitReportReporter -->
<testsuite hostname="Sohrabs-Air.lan" failures="0" tests="1" name="com.test.testcase.SeleniumDemo" time="15.558" errors="0" timestamp="26 Nov 2023 18:19:23 GMT" skipped="0">
  <testcase classname="com.test.testcase.SeleniumDemo" name="browserAction" time="15.558"/>
</testsuite> <!-- com.test.testcase.SeleniumDemo -->
