<?xml version="1.0" encoding="UTF-8"?>
<!-- Generated by org.testng.reporters.JUnitReportReporter -->
<testsuite hostname="Sohrabs-Air.lan" failures="0" tests="1" name="com.test.testcase.Satifice" time="56.149" errors="0" timestamp="28 Dec 2023 18:48:36 GMT" skipped="0">
  <testcase classname="com.test.testcase.Satifice" name="testSatisfise" time="56.149"/>
</testsuite> <!-- com.test.testcase.Satifice -->
