<?xml version="1.0" encoding="UTF-8"?>
<!-- Generated by org.testng.reporters.JUnitReportReporter -->
<testsuite hostname="Sohrabs-Air.lan" failures="0" tests="4" name="com.test.testcase.SeleniumDemo" time="46.916" errors="0" timestamp="13 Dec 2023 18:05:05 GMT" skipped="3">
  <testcase classname="com.test.testcase.SeleniumDemo" name="testFlightBooking" time="46.916"/>
  <testcase classname="com.test.testcase.SeleniumDemo" name="testUploadFile">
    <skipped/>
  </testcase> <!-- testUploadFile -->
  <testcase classname="com.test.testcase.SeleniumDemo" name="getDimension">
    <skipped/>
  </testcase> <!-- getDimension -->
  <testcase classname="com.test.testcase.SeleniumDemo" name="browserAction">
    <skipped/>
  </testcase> <!-- browserAction -->
</testsuite> <!-- com.test.testcase.SeleniumDemo -->
