<?xml version="1.0" encoding="UTF-8"?>
<!-- Generated by org.testng.reporters.JUnitReportReporter -->
<testsuite hostname="Sohrabs-Air.lan" failures="0" tests="2" name="com.test.testcase.ParallelTest" time="85.506" errors="0" timestamp="27 Dec 2023 16:22:01 GMT" skipped="0">
  <testcase classname="com.test.testcase.ParallelTest" name="ChromeTest" time="26.154"/>
  <testcase classname="com.test.testcase.ParallelTest" name="FirefoxTest" time="59.352"/>
</testsuite> <!-- com.test.testcase.ParallelTest -->
