<?xml version="1.0" encoding="UTF-8"?>
<!-- Generated by org.testng.reporters.JUnitReportReporter -->
<testsuite hostname="Sohrabs-Air.lan" failures="0" tests="1" name="com.test.testcase.flightBooking2" time="0.006" errors="0" timestamp="02 Dec 2023 18:56:00 GMT" skipped="0">
  <testcase classname="com.test.testcase.flightBooking2" name="testMethod" time="0.006"/>
</testsuite> <!-- com.test.testcase.flightBooking2 -->
