<?xml version="1.0" encoding="UTF-8"?>
<!-- Generated by org.testng.reporters.JUnitReportReporter -->
<testsuite hostname="Sohrabs-Air.lan" failures="0" tests="3" name="com.test.testcase.flightBooking" time="23.552" errors="0" timestamp="2024-01-29T19:33:44 GST" skipped="1">
  <testcase classname="com.test.testcase.flightBooking" name="aTestFlightBooking" time="17.115"/>
  <testcase classname="com.test.testcase.flightBooking" name="intializeTest" time="6.437"/>
  <testcase classname="com.test.testcase.flightBooking" name="setData">
    <skipped/>
  </testcase> <!-- setData -->
</testsuite> <!-- com.test.testcase.flightBooking -->
