<?xml version="1.0" encoding="UTF-8"?>
<!-- Generated by org.testng.reporters.JUnitReportReporter -->
<testsuite hostname="Sohrabs-Air.lan" failures="0" tests="2" name="com.test.testcase.TestNGAnnotation" time="3.324" errors="0" timestamp="02 Dec 2023 05:25:37 GMT" skipped="0">
  <testcase classname="com.test.testcase.TestNGAnnotation" name="register" time="1.683"/>
  <testcase classname="com.test.testcase.TestNGAnnotation" name="support" time="1.641"/>
</testsuite> <!-- com.test.testcase.TestNGAnnotation -->
