<?xml version="1.0" encoding="UTF-8"?>
<!-- Generated by org.testng.reporters.JUnitReportReporter -->
<testsuite hostname="Sohrabs-Air.lan" failures="0" tests="1" name="com.test.testcase.ActionClass" time="22.298" errors="0" timestamp="26 Nov 2023 19:01:27 GMT" skipped="0">
  <testcase classname="com.test.testcase.ActionClass" name="takeScreenshot" time="22.298"/>
</testsuite> <!-- com.test.testcase.ActionClass -->
