<?xml version="1.0" encoding="UTF-8"?>
<!-- Generated by org.testng.reporters.JUnitReportReporter -->
<testsuite hostname="Sohrabs-Air.lan" failures="0" tests="1" name="com.test.testcase.Satifice" time="114.821" errors="0" timestamp="03 Dec 2023 18:54:44 GMT" skipped="0">
  <testcase classname="com.test.testcase.Satifice" name="testSatisfise" time="114.821"/>
</testsuite> <!-- com.test.testcase.Satifice -->
